<?xml version="1.0" encoding="UTF-8"?>
<!-- Generated by org.testng.reporters.JUnitReportReporter -->
<testsuite name="testScripts.TC_001" tests="2" time="4.460" ignored="0" failures="0" timestamp="23 Dec 2018 15:37:02 GMT" skipped="0" hostname="IBM-IKHAN038-BLR" errors="0">
  <testcase name="verifyAddUser" time="3.722" classname="testScripts.TC_001"/>
  <testcase name="verifyAddUser" time="0.738" classname="testScripts.TC_001"/>
</testsuite> <!-- testScripts.TC_001 -->
